[2020-01-06 15:07:53] local.ERROR: Symfony\Component\Debug\Exception\FatalThrowableError: Argument 1 passed to App\Services\PhoneService::getPhones() must be of the type array, object given, called in /var/www/app/Http/Controllers/TelefoniController.php on line 17 in /var/www/app/Services/PhoneService.php:10
Stack trace:
#0 /var/www/app/Http/Controllers/TelefoniController.php(17): App\Services\PhoneService->getPhones(Object(Symfony\Component\HttpFoundation\ParameterBag))
#1 [internal function]: App\Http\Controllers\TelefoniController->getPhones(Object(Laravel\Lumen\Http\Request))
#2 /var/www/vendor/illuminate/container/BoundMethod.php(32): call_user_func_array(Array, Array)
#3 /var/www/vendor/illuminate/container/Util.php(36): Illuminate\Container\BoundMethod::Illuminate\Container\{closure}()
#4 /var/www/vendor/illuminate/container/BoundMethod.php(90): Illuminate\Container\Util::unwrapIfClosure(Object(Closure))
#5 /var/www/vendor/illuminate/container/BoundMethod.php(34): Illuminate\Container\BoundMethod::callBoundMethod(Object(Laravel\Lumen\Application), Array, Object(Closure))
#6 /var/www/vendor/illuminate/container/Container.php(590): Illuminate\Container\BoundMethod::call(Object(Laravel\Lumen\Application), Array, Array, NULL)
#7 /var/www/vendor/laravel/lumen-framework/src/Concerns/RoutesRequests.php(376): Illuminate\Container\Container->call(Array, Array)
#8 /var/www/vendor/laravel/lumen-framework/src/Concerns/RoutesRequests.php(342): Laravel\Lumen\Application->callControllerCallable(Array, Array)
#9 /var/www/vendor/laravel/lumen-framework/src/Concerns/RoutesRequests.php(316): Laravel\Lumen\Application->callLumenController(Object(App\Http\Controllers\TelefoniController), 'getPhones', Array)
#10 /var/www/vendor/laravel/lumen-framework/src/Concerns/RoutesRequests.php(278): Laravel\Lumen\Application->callControllerAction(Array)
#11 /var/www/vendor/laravel/lumen-framework/src/Concerns/RoutesRequests.php(263): Laravel\Lumen\Application->callActionOnArrayBasedRoute(Array)
#12 /var/www/vendor/laravel/lumen-framework/src/Concerns/RoutesRequests.php(165): Laravel\Lumen\Application->handleFoundRoute(Array)
#13 /var/www/vendor/laravel/lumen-framework/src/Concerns/RoutesRequests.php(416): Laravel\Lumen\Application->Laravel\Lumen\Concerns\{closure}(Object(Laravel\Lumen\Http\Request))
#14 /var/www/vendor/laravel/lumen-framework/src/Concerns/RoutesRequests.php(171): Laravel\Lumen\Application->sendThroughPipeline(Array, Object(Closure))
#15 /var/www/vendor/laravel/lumen-framework/src/Concerns/RoutesRequests.php(108): Laravel\Lumen\Application->dispatch(NULL)
#16 /var/www/html/index.php(28): Laravel\Lumen\Application->run()
#17 {main} {"exception":"[object] (Symfony\\Component\\Debug\\Exception\\FatalThrowableError(code: 0): Argument 1 passed to App\\Services\\PhoneService::getPhones() must be of the type array, object given, called in /var/www/app/Http/Controllers/TelefoniController.php on line 17 at /var/www/app/Services/PhoneService.php:10)
[stacktrace]
#0 /var/www/app/Http/Controllers/TelefoniController.php(17): App\\Services\\PhoneService->getPhones(Object(Symfony\\Component\\HttpFoundation\\ParameterBag))
#1 [internal function]: App\\Http\\Controllers\\TelefoniController->getPhones(Object(Laravel\\Lumen\\Http\\Request))
#2 /var/www/vendor/illuminate/container/BoundMethod.php(32): call_user_func_array(Array, Array)
#3 /var/www/vendor/illuminate/container/Util.php(36): Illuminate\\Container\\BoundMethod::Illuminate\\Container\\{closure}()
#4 /var/www/vendor/illuminate/container/BoundMethod.php(90): Illuminate\\Container\\Util::unwrapIfClosure(Object(Closure))
#5 /var/www/vendor/illuminate/container/BoundMethod.php(34): Illuminate\\Container\\BoundMethod::callBoundMethod(Object(Laravel\\Lumen\\Application), Array, Object(Closure))
#6 /var/www/vendor/illuminate/container/Container.php(590): Illuminate\\Container\\BoundMethod::call(Object(Laravel\\Lumen\\Application), Array, Array, NULL)
#7 /var/www/vendor/laravel/lumen-framework/src/Concerns/RoutesRequests.php(376): Illuminate\\Container\\Container->call(Array, Array)
#8 /var/www/vendor/laravel/lumen-framework/src/Concerns/RoutesRequests.php(342): Laravel\\Lumen\\Application->callControllerCallable(Array, Array)
#9 /var/www/vendor/laravel/lumen-framework/src/Concerns/RoutesRequests.php(316): Laravel\\Lumen\\Application->callLumenController(Object(App\\Http\\Controllers\\TelefoniController), 'getPhones', Array)
#10 /var/www/vendor/laravel/lumen-framework/src/Concerns/RoutesRequests.php(278): Laravel\\Lumen\\Application->callControllerAction(Array)
#11 /var/www/vendor/laravel/lumen-framework/src/Concerns/RoutesRequests.php(263): Laravel\\Lumen\\Application->callActionOnArrayBasedRoute(Array)
#12 /var/www/vendor/laravel/lumen-framework/src/Concerns/RoutesRequests.php(165): Laravel\\Lumen\\Application->handleFoundRoute(Array)
#13 /var/www/vendor/laravel/lumen-framework/src/Concerns/RoutesRequests.php(416): Laravel\\Lumen\\Application->Laravel\\Lumen\\Concerns\\{closure}(Object(Laravel\\Lumen\\Http\\Request))
#14 /var/www/vendor/laravel/lumen-framework/src/Concerns/RoutesRequests.php(171): Laravel\\Lumen\\Application->sendThroughPipeline(Array, Object(Closure))
#15 /var/www/vendor/laravel/lumen-framework/src/Concerns/RoutesRequests.php(108): Laravel\\Lumen\\Application->dispatch(NULL)
#16 /var/www/html/index.php(28): Laravel\\Lumen\\Application->run()
#17 {main}
"} 
[2020-01-06 15:09:18] local.ERROR: PDOException: SQLSTATE[42000]: Syntax error or access violation: 1064 You have an error in your SQL syntax; check the manual that corresponds to your MariaDB server version for the right syntax to use near '' at line 1 in /var/www/vendor/illuminate/database/Connection.php:331
Stack trace:
#0 /var/www/vendor/illuminate/database/Connection.php(331): PDO->prepare('select * from `...')
#1 /var/www/vendor/illuminate/database/Connection.php(662): Illuminate\Database\Connection->Illuminate\Database\{closure}('select * from `...', Array)
#2 /var/www/vendor/illuminate/database/Connection.php(629): Illuminate\Database\Connection->runQueryCallback('select * from `...', Array, Object(Closure))
#3 /var/www/vendor/illuminate/database/Connection.php(338): Illuminate\Database\Connection->run('select * from `...', Array, Object(Closure))
#4 /var/www/vendor/illuminate/database/Query/Builder.php(2130): Illuminate\Database\Connection->select('select * from `...', Array, true)
#5 /var/www/vendor/illuminate/database/Query/Builder.php(2118): Illuminate\Database\Query\Builder->runSelect()
#6 /var/www/vendor/illuminate/database/Query/Builder.php(2584): Illuminate\Database\Query\Builder->Illuminate\Database\Query\{closure}()
#7 /var/www/vendor/illuminate/database/Query/Builder.php(2119): Illuminate\Database\Query\Builder->onceWithColumns(Array, Object(Closure))
#8 /var/www/app/Services/PhoneService.php(13): Illuminate\Database\Query\Builder->get()
#9 /var/www/app/Http/Controllers/TelefoniController.php(17): App\Services\PhoneService->getPhones(Array)
#10 [internal function]: App\Http\Controllers\TelefoniController->getPhones(Object(Laravel\Lumen\Http\Request))
#11 /var/www/vendor/illuminate/container/BoundMethod.php(32): call_user_func_array(Array, Array)
#12 /var/www/vendor/illuminate/container/Util.php(36): Illuminate\Container\BoundMethod::Illuminate\Container\{closure}()
#13 /var/www/vendor/illuminate/container/BoundMethod.php(90): Illuminate\Container\Util::unwrapIfClosure(Object(Closure))
#14 /var/www/vendor/illuminate/container/BoundMethod.php(34): Illuminate\Container\BoundMethod::callBoundMethod(Object(Laravel\Lumen\Application), Array, Object(Closure))
#15 /var/www/vendor/illuminate/container/Container.php(590): Illuminate\Container\BoundMethod::call(Object(Laravel\Lumen\Application), Array, Array, NULL)
#16 /var/www/vendor/laravel/lumen-framework/src/Concerns/RoutesRequests.php(376): Illuminate\Container\Container->call(Array, Array)
#17 /var/www/vendor/laravel/lumen-framework/src/Concerns/RoutesRequests.php(342): Laravel\Lumen\Application->callControllerCallable(Array, Array)
#18 /var/www/vendor/laravel/lumen-framework/src/Concerns/RoutesRequests.php(316): Laravel\Lumen\Application->callLumenController(Object(App\Http\Controllers\TelefoniController), 'getPhones', Array)
#19 /var/www/vendor/laravel/lumen-framework/src/Concerns/RoutesRequests.php(278): Laravel\Lumen\Application->callControllerAction(Array)
#20 /var/www/vendor/laravel/lumen-framework/src/Concerns/RoutesRequests.php(263): Laravel\Lumen\Application->callActionOnArrayBasedRoute(Array)
#21 /var/www/vendor/laravel/lumen-framework/src/Concerns/RoutesRequests.php(165): Laravel\Lumen\Application->handleFoundRoute(Array)
#22 /var/www/vendor/laravel/lumen-framework/src/Concerns/RoutesRequests.php(416): Laravel\Lumen\Application->Laravel\Lumen\Concerns\{closure}(Object(Laravel\Lumen\Http\Request))
#23 /var/www/vendor/laravel/lumen-framework/src/Concerns/RoutesRequests.php(171): Laravel\Lumen\Application->sendThroughPipeline(Array, Object(Closure))
#24 /var/www/vendor/laravel/lumen-framework/src/Concerns/RoutesRequests.php(108): Laravel\Lumen\Application->dispatch(NULL)
#25 /var/www/html/index.php(28): Laravel\Lumen\Application->run()
#26 {main}

Next Illuminate\Database\QueryException: SQLSTATE[42000]: Syntax error or access violation: 1064 You have an error in your SQL syntax; check the manual that corresponds to your MariaDB server version for the right syntax to use near '' at line 1 (SQL: select * from `telefoni` where (` in /var/www/vendor/illuminate/database/Connection.php:669
Stack trace:
#0 /var/www/vendor/illuminate/database/Connection.php(629): Illuminate\Database\Connection->runQueryCallback('select * from `...', Array, Object(Closure))
#1 /var/www/vendor/illuminate/database/Connection.php(338): Illuminate\Database\Connection->run('select * from `...', Array, Object(Closure))
#2 /var/www/vendor/illuminate/database/Query/Builder.php(2130): Illuminate\Database\Connection->select('select * from `...', Array, true)
#3 /var/www/vendor/illuminate/database/Query/Builder.php(2118): Illuminate\Database\Query\Builder->runSelect()
#4 /var/www/vendor/illuminate/database/Query/Builder.php(2584): Illuminate\Database\Query\Builder->Illuminate\Database\Query\{closure}()
#5 /var/www/vendor/illuminate/database/Query/Builder.php(2119): Illuminate\Database\Query\Builder->onceWithColumns(Array, Object(Closure))
#6 /var/www/app/Services/PhoneService.php(13): Illuminate\Database\Query\Builder->get()
#7 /var/www/app/Http/Controllers/TelefoniController.php(17): App\Services\PhoneService->getPhones(Array)
#8 [internal function]: App\Http\Controllers\TelefoniController->getPhones(Object(Laravel\Lumen\Http\Request))
#9 /var/www/vendor/illuminate/container/BoundMethod.php(32): call_user_func_array(Array, Array)
#10 /var/www/vendor/illuminate/container/Util.php(36): Illuminate\Container\BoundMethod::Illuminate\Container\{closure}()
#11 /var/www/vendor/illuminate/container/BoundMethod.php(90): Illuminate\Container\Util::unwrapIfClosure(Object(Closure))
#12 /var/www/vendor/illuminate/container/BoundMethod.php(34): Illuminate\Container\BoundMethod::callBoundMethod(Object(Laravel\Lumen\Application), Array, Object(Closure))
#13 /var/www/vendor/illuminate/container/Container.php(590): Illuminate\Container\BoundMethod::call(Object(Laravel\Lumen\Application), Array, Array, NULL)
#14 /var/www/vendor/laravel/lumen-framework/src/Concerns/RoutesRequests.php(376): Illuminate\Container\Container->call(Array, Array)
#15 /var/www/vendor/laravel/lumen-framework/src/Concerns/RoutesRequests.php(342): Laravel\Lumen\Application->callControllerCallable(Array, Array)
#16 /var/www/vendor/laravel/lumen-framework/src/Concerns/RoutesRequests.php(316): Laravel\Lumen\Application->callLumenController(Object(App\Http\Controllers\TelefoniController), 'getPhones', Array)
#17 /var/www/vendor/laravel/lumen-framework/src/Concerns/RoutesRequests.php(278): Laravel\Lumen\Application->callControllerAction(Array)
#18 /var/www/vendor/laravel/lumen-framework/src/Concerns/RoutesRequests.php(263): Laravel\Lumen\Application->callActionOnArrayBasedRoute(Array)
#19 /var/www/vendor/laravel/lumen-framework/src/Concerns/RoutesRequests.php(165): Laravel\Lumen\Application->handleFoundRoute(Array)
#20 /var/www/vendor/laravel/lumen-framework/src/Concerns/RoutesRequests.php(416): Laravel\Lumen\Application->Laravel\Lumen\Concerns\{closure}(Object(Laravel\Lumen\Http\Request))
#21 /var/www/vendor/laravel/lumen-framework/src/Concerns/RoutesRequests.php(171): Laravel\Lumen\Application->sendThroughPipeline(Array, Object(Closure))
#22 /var/www/vendor/laravel/lumen-framework/src/Concerns/RoutesRequests.php(108): Laravel\Lumen\Application->dispatch(NULL)
#23 /var/www/html/index.php(28): Laravel\Lumen\Application->run()
#24 {main} {"exception":"[object] (Illuminate\\Database\\QueryException(code: 42000): SQLSTATE[42000]: Syntax error or access violation: 1064 You have an error in your SQL syntax; check the manual that corresponds to your MariaDB server version for the right syntax to use near '' at line 1 (SQL: select * from `telefoni` where (`\u0000*\u0000parameters` = 250)) at /var/www/vendor/illuminate/database/Connection.php:669)
[stacktrace]
#0 /var/www/vendor/illuminate/database/Connection.php(629): Illuminate\\Database\\Connection->runQueryCallback('select * from `...', Array, Object(Closure))
#1 /var/www/vendor/illuminate/database/Connection.php(338): Illuminate\\Database\\Connection->run('select * from `...', Array, Object(Closure))
#2 /var/www/vendor/illuminate/database/Query/Builder.php(2130): Illuminate\\Database\\Connection->select('select * from `...', Array, true)
#3 /var/www/vendor/illuminate/database/Query/Builder.php(2118): Illuminate\\Database\\Query\\Builder->runSelect()
#4 /var/www/vendor/illuminate/database/Query/Builder.php(2584): Illuminate\\Database\\Query\\Builder->Illuminate\\Database\\Query\\{closure}()
#5 /var/www/vendor/illuminate/database/Query/Builder.php(2119): Illuminate\\Database\\Query\\Builder->onceWithColumns(Array, Object(Closure))
#6 /var/www/app/Services/PhoneService.php(13): Illuminate\\Database\\Query\\Builder->get()
#7 /var/www/app/Http/Controllers/TelefoniController.php(17): App\\Services\\PhoneService->getPhones(Array)
#8 [internal function]: App\\Http\\Controllers\\TelefoniController->getPhones(Object(Laravel\\Lumen\\Http\\Request))
#9 /var/www/vendor/illuminate/container/BoundMethod.php(32): call_user_func_array(Array, Array)
#10 /var/www/vendor/illuminate/container/Util.php(36): Illuminate\\Container\\BoundMethod::Illuminate\\Container\\{closure}()
#11 /var/www/vendor/illuminate/container/BoundMethod.php(90): Illuminate\\Container\\Util::unwrapIfClosure(Object(Closure))
#12 /var/www/vendor/illuminate/container/BoundMethod.php(34): Illuminate\\Container\\BoundMethod::callBoundMethod(Object(Laravel\\Lumen\\Application), Array, Object(Closure))
#13 /var/www/vendor/illuminate/container/Container.php(590): Illuminate\\Container\\BoundMethod::call(Object(Laravel\\Lumen\\Application), Array, Array, NULL)
#14 /var/www/vendor/laravel/lumen-framework/src/Concerns/RoutesRequests.php(376): Illuminate\\Container\\Container->call(Array, Array)
#15 /var/www/vendor/laravel/lumen-framework/src/Concerns/RoutesRequests.php(342): Laravel\\Lumen\\Application->callControllerCallable(Array, Array)
#16 /var/www/vendor/laravel/lumen-framework/src/Concerns/RoutesRequests.php(316): Laravel\\Lumen\\Application->callLumenController(Object(App\\Http\\Controllers\\TelefoniController), 'getPhones', Array)
#17 /var/www/vendor/laravel/lumen-framework/src/Concerns/RoutesRequests.php(278): Laravel\\Lumen\\Application->callControllerAction(Array)
#18 /var/www/vendor/laravel/lumen-framework/src/Concerns/RoutesRequests.php(263): Laravel\\Lumen\\Application->callActionOnArrayBasedRoute(Array)
#19 /var/www/vendor/laravel/lumen-framework/src/Concerns/RoutesRequests.php(165): Laravel\\Lumen\\Application->handleFoundRoute(Array)
#20 /var/www/vendor/laravel/lumen-framework/src/Concerns/RoutesRequests.php(416): Laravel\\Lumen\\Application->Laravel\\Lumen\\Concerns\\{closure}(Object(Laravel\\Lumen\\Http\\Request))
#21 /var/www/vendor/laravel/lumen-framework/src/Concerns/RoutesRequests.php(171): Laravel\\Lumen\\Application->sendThroughPipeline(Array, Object(Closure))
#22 /var/www/vendor/laravel/lumen-framework/src/Concerns/RoutesRequests.php(108): Laravel\\Lumen\\Application->dispatch(NULL)
#23 /var/www/html/index.php(28): Laravel\\Lumen\\Application->run()
#24 {main}

[previous exception] [object] (PDOException(code: 42000): SQLSTATE[42000]: Syntax error or access violation: 1064 You have an error in your SQL syntax; check the manual that corresponds to your MariaDB server version for the right syntax to use near '' at line 1 at /var/www/vendor/illuminate/database/Connection.php:331)
[stacktrace]
#0 /var/www/vendor/illuminate/database/Connection.php(331): PDO->prepare('select * from `...')
#1 /var/www/vendor/illuminate/database/Connection.php(662): Illuminate\\Database\\Connection->Illuminate\\Database\\{closure}('select * from `...', Array)
#2 /var/www/vendor/illuminate/database/Connection.php(629): Illuminate\\Database\\Connection->runQueryCallback('select * from `...', Array, Object(Closure))
#3 /var/www/vendor/illuminate/database/Connection.php(338): Illuminate\\Database\\Connection->run('select * from `...', Array, Object(Closure))
#4 /var/www/vendor/illuminate/database/Query/Builder.php(2130): Illuminate\\Database\\Connection->select('select * from `...', Array, true)
#5 /var/www/vendor/illuminate/database/Query/Builder.php(2118): Illuminate\\Database\\Query\\Builder->runSelect()
#6 /var/www/vendor/illuminate/database/Query/Builder.php(2584): Illuminate\\Database\\Query\\Builder->Illuminate\\Database\\Query\\{closure}()
#7 /var/www/vendor/illuminate/database/Query/Builder.php(2119): Illuminate\\Database\\Query\\Builder->onceWithColumns(Array, Object(Closure))
#8 /var/www/app/Services/PhoneService.php(13): Illuminate\\Database\\Query\\Builder->get()
#9 /var/www/app/Http/Controllers/TelefoniController.php(17): App\\Services\\PhoneService->getPhones(Array)
#10 [internal function]: App\\Http\\Controllers\\TelefoniController->getPhones(Object(Laravel\\Lumen\\Http\\Request))
#11 /var/www/vendor/illuminate/container/BoundMethod.php(32): call_user_func_array(Array, Array)
#12 /var/www/vendor/illuminate/container/Util.php(36): Illuminate\\Container\\BoundMethod::Illuminate\\Container\\{closure}()
#13 /var/www/vendor/illuminate/container/BoundMethod.php(90): Illuminate\\Container\\Util::unwrapIfClosure(Object(Closure))
#14 /var/www/vendor/illuminate/container/BoundMethod.php(34): Illuminate\\Container\\BoundMethod::callBoundMethod(Object(Laravel\\Lumen\\Application), Array, Object(Closure))
#15 /var/www/vendor/illuminate/container/Container.php(590): Illuminate\\Container\\BoundMethod::call(Object(Laravel\\Lumen\\Application), Array, Array, NULL)
#16 /var/www/vendor/laravel/lumen-framework/src/Concerns/RoutesRequests.php(376): Illuminate\\Container\\Container->call(Array, Array)
#17 /var/www/vendor/laravel/lumen-framework/src/Concerns/RoutesRequests.php(342): Laravel\\Lumen\\Application->callControllerCallable(Array, Array)
#18 /var/www/vendor/laravel/lumen-framework/src/Concerns/RoutesRequests.php(316): Laravel\\Lumen\\Application->callLumenController(Object(App\\Http\\Controllers\\TelefoniController), 'getPhones', Array)
#19 /var/www/vendor/laravel/lumen-framework/src/Concerns/RoutesRequests.php(278): Laravel\\Lumen\\Application->callControllerAction(Array)
#20 /var/www/vendor/laravel/lumen-framework/src/Concerns/RoutesRequests.php(263): Laravel\\Lumen\\Application->callActionOnArrayBasedRoute(Array)
#21 /var/www/vendor/laravel/lumen-framework/src/Concerns/RoutesRequests.php(165): Laravel\\Lumen\\Application->handleFoundRoute(Array)
#22 /var/www/vendor/laravel/lumen-framework/src/Concerns/RoutesRequests.php(416): Laravel\\Lumen\\Application->Laravel\\Lumen\\Concerns\\{closure}(Object(Laravel\\Lumen\\Http\\Request))
#23 /var/www/vendor/laravel/lumen-framework/src/Concerns/RoutesRequests.php(171): Laravel\\Lumen\\Application->sendThroughPipeline(Array, Object(Closure))
#24 /var/www/vendor/laravel/lumen-framework/src/Concerns/RoutesRequests.php(108): Laravel\\Lumen\\Application->dispatch(NULL)
#25 /var/www/html/index.php(28): Laravel\\Lumen\\Application->run()
#26 {main}
"} 
